
          -------------------------------------------------------
          Amber 14 SANDER                              2014
          -------------------------------------------------------

| PMEMD implementation of SANDER, Release 14

| Run on 06/12/2014 at 17:03:04

  [-O]verwriting output

File Assignments:
|   MDIN: l04_eq1.in                                                            
|  MDOUT: l04_eq1.out                                                           
| INPCRD: l04_min.rst                                                           
|   PARM: l04_in_wat.prmtop                                                     
| RESTRT: l04_eq1.rst                                                           
|   REFC: refc                                                                  
|  MDVEL: mdvel                                                                 
|   MDEN: mden                                                                  
|  MDCRD: mdcrd                                                                 
| MDINFO: mdinfo                                                                
|LOGFILE: logfile                                                               

 
 Here is the input file:
 
NVT heating 25 ps                                                              
 &cntrl                                                                        
  imin=0, irest=0, ntx=1,                                                      
  ntb=1, cut=9.0, iamoeba=1,                                                   
  ntf=1, ntc=1,                                                                
  ntt=3, temp0=300.0, gamma_ln=1.0, ig=-1, tempi=0.0,                          
  nstlim=25000, dt=0.001,                                                      
  ntpr=1000, ntwr=1000, ntwx=1000,                                             
  nmropt=1, ioutfm=1, iwrap=1,                                                 
 /                                                                             
 &ewald                                                                        
  order=5, ew_coeff=0.45,                                                      
 /                                                                             
 &amoeba                                                                       
  ee_dsum_cut=7.0, dipole_scf_tol=0.01, amoeba_verbose=0,                      
  dipole_scf_iter_max=50, do_vdw_longrange=1,                                  
  sor_coefficient=0.7, do_vdw_taper=1,                                         
 /                                                                             
 &wt TYPE=TEMP0, ISTEP1=1, ISTEP2=20000, VALUE1=0.0, VALUE2=300.0              
 /                                                                             
 &wt TYPE=TEMP0, ISTEP1=20001, ISTEP2=25000, VALUE1=300.0, VALUE2=300.0        
 /                                                                             
 &wt TYPE=END                                                                  
/                                                                              


 
 
|  INFO: Old style inpcrd file read

 
| Conditional Compilation Defines Used:
| MPI
| FFTW_FFT
| BINTRAJ
| MKL
 
| Largest sphere to fit in unit cell has radius =    15.000

| New format PARM file being parsed.
| Version =    1.000 Date = 06/12/14 Time = 16:26:35
--------------------------------------------------------------------------------
   1.  RESOURCE   USE: 
--------------------------------------------------------------------------------

 getting new box info from bottom of inpcrd

 NATOM  =    2006 NTYPES =       1 NBONH =       0 MBONA  =       0
 NTHETH =       0 MTHETA =       0 NPHIH =       0 MPHIA  =       0
 NHPARM =       0 NPARM  =       0 NNB   =    2178 NRES   =     660
 NBONA  =       0 NTHETA =       0 NPHIA =       0 NUMBND =       0
 NUMANG =       0 NPTRA  =       0 NATYP =       1 NPHB   =       0
 IFBOX  =       1 NMXRS  =       0 IFCAP =       0 NEXTRA =       0
 NCOPY  =       0

| Coordinate Index Table dimensions:     5    5    5
| Direct force subcell size =     6.0000    6.0000    6.0000

     BOX TYPE: RECTILINEAR

--------------------------------------------------------------------------------
   2.  CONTROL  DATA  FOR  THE  RUN
--------------------------------------------------------------------------------

l04_in_wat                                                                      

General flags:
     imin    =       0, nmropt  =       1

Nature and format of input:
     ntx     =       1, irest   =       0, ntrx    =       1

Nature and format of output:
     ntxo    =       1, ntpr    =    1000, ntrx    =       1, ntwr    =    1000
     iwrap   =       1, ntwx    =    1000, ntwv    =       0, ntwe    =       0
     ioutfm  =       1, ntwprt  =       0, idecomp =       0, rbornstat=      0

Potential function:
     ntf     =       1, ntb     =       1, igb     =       0, nsnb    =      25
     ipol    =       0, gbsa    =       0, iesp    =       0
     cut     =   9.00000
     scnb    =   2.00000, scee    =   1.20000

Frozen or restrained atoms:
     ibelly  =       0, ntr     =       0

Molecular dynamics:
     nstlim  =     25000, nscm    =      1000, nrespa  =         1
     t       =   0.00000, dt      =   0.00100, vlimit  =  20.00000

Langevin dynamics temperature regulation:
     ig      =      -1
     temp0   = 300.00000, tempi   =   0.00000, gamma_ln=   1.00000

NMR refinement options:
     iscale  =       0, noeskp  =       1, ipnlty  =       1, mxsub   =       1
     scalm   = 100.00000, pencut  =   0.10000, tausw   =   0.10000

Ewald parameters:
     verbose =       0, ew_type =       0, nbflag  =       1, use_pme =       1
     vdwmeth =       1, eedmeth =       1, netfrc  =       1
     Box X =   30.000   Box Y =   30.000   Box Z =   30.000
     Alpha =   90.000   Beta  =   90.000   Gamma =   90.000
     NFFT1 =   30       NFFT2 =   30       NFFT3 =   30
     Cutoff=    9.000   Tol   =0.113E-08
     Ewald Coefficient =  0.45000
     Interpolation order =    5

--------------------------------------------------------------------------------
   3.  ATOMIC COORDINATES AND VELOCITIES
--------------------------------------------------------------------------------

l04_in_wat                                                                      
 begin time read from input coords =     0.000 ps



           Begin reading energy term weight changes/NMR restraints
 WEIGHT CHANGES:
 TEMP0         1  20000    0.000000  300.000000      0      0
 TEMP0     20001  25000  300.000000  300.000000      0      0

 RESTRAINTS:
                          ** No restraint defined **

                  Done reading weight changes/NMR restraints


| Dynamic Memory, Types Used:
| Reals              292556
| Integers            81936

| Nonbonded Pairs Initial Allocation:   37797

| Running AMBER/MPI version on   16 nodes

 
--------------------------------------------------------------------------------
   4.  RESULTS
--------------------------------------------------------------------------------

 ---------------------------------------------------
 APPROXIMATING switch and d/dx switch using CUBIC SPLINE INTERPOLATION
 using   5000.0 points per unit in tabled values
 TESTING RELATIVE ERROR over r ranging from 0.0 to cutoff
| CHECK switch(x): max rel err =   0.2738E-14   at   2.422500
| CHECK d/dx switch(x): max rel err =   0.8987E-11   at   2.875760
 ---------------------------------------------------
| num_pairs_in_ee_cut, size_dipole_dipole_list =       3724      7448

 NSTEP =        0   TIME(PS) =       0.000  TEMP(K) =     0.00  PRESS =     0.0
 Etot   =     -7289.3429  EKtot   =         0.0000  EPtot      =     -7289.3429
 BOND   =        85.8455  ANGLE   =       101.6359  DIHED      =        -1.9861
 1-4 NB =         5.7706  1-4 EEL =         0.0000  VDWAALS    =      3549.8712
 EELEC  =     -7673.1538  EHBOND  =         0.0000  RESTRAINT  =         0.0000
 EPOLZ  =     -3357.3262
 Dipole convergence: rms =  0.571E-02 iters =   5.00
 ------------------------------------------------------------------------------

 NMR restraints: Bond =    0.000   Angle =     0.000   Torsion =     0.000
===============================================================================
 wrapping first mol.:   30.0000000000000        30.0000000000000     
  0.000000000000000E+000
 wrapping first mol.:   30.0000000000000        30.0000000000000     
  0.000000000000000E+000

 NSTEP =     1000   TIME(PS) =       1.000  TEMP(K) =    22.54  PRESS =     0.0
 Etot   =     -7278.3685  EKtot   =       134.7559  EPtot      =     -7413.1244
 BOND   =       106.8669  ANGLE   =       109.6477  DIHED      =        -1.8868
 1-4 NB =         6.5127  1-4 EEL =         0.0000  VDWAALS    =      3761.5633
 EELEC  =     -7905.4538  EHBOND  =         0.0000  RESTRAINT  =         0.0000
 EPOLZ  =     -3490.3744
 Dipole convergence: rms =  0.571E-02 iters =   5.00
 ------------------------------------------------------------------------------

 NMR restraints: Bond =    0.000   Angle =     0.000   Torsion =     0.000
===============================================================================
 wrapping first mol.:  0.000000000000000E+000   30.0000000000000     
  0.000000000000000E+000
 wrapping first mol.:  0.000000000000000E+000   30.0000000000000     
  0.000000000000000E+000

 NSTEP =     2000   TIME(PS) =       2.000  TEMP(K) =    42.22  PRESS =     0.0
 Etot   =     -7124.6707  EKtot   =       252.4394  EPtot      =     -7377.1102
 BOND   =       141.1714  ANGLE   =       126.8058  DIHED      =        -1.4163
 1-4 NB =         6.1151  1-4 EEL =         0.0000  VDWAALS    =      3753.9946
 EELEC  =     -7913.7087  EHBOND  =         0.0000  RESTRAINT  =         0.0000
 EPOLZ  =     -3490.0720
 Dipole convergence: rms =  0.567E-02 iters =   5.00
 ------------------------------------------------------------------------------

 NMR restraints: Bond =    0.000   Angle =     0.000   Torsion =     0.000
===============================================================================
 wrapping first mol.:   30.0000000000000        30.0000000000000     
  0.000000000000000E+000
 wrapping first mol.:   30.0000000000000        30.0000000000000     
  0.000000000000000E+000

 NSTEP =     3000   TIME(PS) =       3.000  TEMP(K) =    66.47  PRESS =     0.0
 Etot   =     -6876.0650  EKtot   =       397.4578  EPtot      =     -7273.5228
 BOND   =       197.1709  ANGLE   =       133.6716  DIHED      =        -1.7371
 1-4 NB =         7.0498  1-4 EEL =         0.0000  VDWAALS    =      3762.7584
 EELEC  =     -7893.4894  EHBOND  =         0.0000  RESTRAINT  =         0.0000
 EPOLZ  =     -3478.9469
 Dipole convergence: rms =  0.565E-02 iters =   5.00
 ------------------------------------------------------------------------------

 NMR restraints: Bond =    0.000   Angle =     0.000   Torsion =     0.000
===============================================================================
 wrapping first mol.:   30.0000000000000        30.0000000000000     
  0.000000000000000E+000
 wrapping first mol.:   30.0000000000000        30.0000000000000     
  0.000000000000000E+000

 NSTEP =     4000   TIME(PS) =       4.000  TEMP(K) =    95.17  PRESS =     0.0
 Etot   =     -6551.5868  EKtot   =       569.0625  EPtot      =     -7120.6493
 BOND   =       234.3743  ANGLE   =       135.5096  DIHED      =        -1.0108
 1-4 NB =         5.1030  1-4 EEL =         0.0000  VDWAALS    =      3645.5140
 EELEC  =     -7771.3598  EHBOND  =         0.0000  RESTRAINT  =         0.0000
 EPOLZ  =     -3368.7794
 Dipole convergence: rms =  0.988E-02 iters =   4.00
 ------------------------------------------------------------------------------

 NMR restraints: Bond =    0.000   Angle =     0.000   Torsion =     0.000
===============================================================================

 NSTEP =     5000   TIME(PS) =       5.000  TEMP(K) =   120.20  PRESS =     0.0
 Etot   =     -6224.2136  EKtot   =       718.7603  EPtot      =     -6942.9739
 BOND   =       286.0154  ANGLE   =       155.1790  DIHED      =        -0.9996
 1-4 NB =         6.7874  1-4 EEL =         0.0000  VDWAALS    =      3558.5571
 EELEC  =     -7642.3246  EHBOND  =         0.0000  RESTRAINT  =         0.0000
 EPOLZ  =     -3306.1887
 Dipole convergence: rms =  0.978E-02 iters =   4.00
 ------------------------------------------------------------------------------

 NMR restraints: Bond =    0.000   Angle =     0.000   Torsion =     0.000
===============================================================================
 wrapping first mol.:   30.0000000000000        30.0000000000000     
  0.000000000000000E+000
 wrapping first mol.:   30.0000000000000        30.0000000000000     
  0.000000000000000E+000

 NSTEP =     6000   TIME(PS) =       6.000  TEMP(K) =   147.98  PRESS =     0.0
 Etot   =     -5863.2289  EKtot   =       884.8642  EPtot      =     -6748.0931
 BOND   =       342.3761  ANGLE   =       175.9272  DIHED      =        -2.3017
 1-4 NB =         7.4716  1-4 EEL =         0.0000  VDWAALS    =      3525.3005
 EELEC  =     -7536.4325  EHBOND  =         0.0000  RESTRAINT  =         0.0000
 EPOLZ  =     -3260.4344
 Dipole convergence: rms =  0.963E-02 iters =   4.00
 ------------------------------------------------------------------------------

 NMR restraints: Bond =    0.000   Angle =     0.000   Torsion =     0.000
===============================================================================
 wrapping first mol.:  0.000000000000000E+000   30.0000000000000     
  0.000000000000000E+000
 wrapping first mol.:  0.000000000000000E+000   30.0000000000000     
  0.000000000000000E+000

 NSTEP =     7000   TIME(PS) =       7.000  TEMP(K) =   181.52  PRESS =     0.0
 Etot   =     -5535.4828  EKtot   =      1085.3722  EPtot      =     -6620.8550
 BOND   =       367.6032  ANGLE   =       205.4196  DIHED      =        -1.1501
 1-4 NB =         6.4238  1-4 EEL =         0.0000  VDWAALS    =      3451.1051
 EELEC  =     -7438.1931  EHBOND  =         0.0000  RESTRAINT  =         0.0000
 EPOLZ  =     -3212.0635
 Dipole convergence: rms =  0.958E-02 iters =   4.00
 ------------------------------------------------------------------------------

 NMR restraints: Bond =    0.000   Angle =     0.000   Torsion =     0.000
===============================================================================
 wrapping first mol.:   30.0000000000000       0.000000000000000E+000
  0.000000000000000E+000
 wrapping first mol.:   30.0000000000000       0.000000000000000E+000
  0.000000000000000E+000

 NSTEP =     8000   TIME(PS) =       8.000  TEMP(K) =   212.38  PRESS =     0.0
 Etot   =     -5157.7209  EKtot   =      1269.9011  EPtot      =     -6427.6220
 BOND   =       402.9559  ANGLE   =       211.4251  DIHED      =        -1.7669
 1-4 NB =         7.5347  1-4 EEL =         0.0000  VDWAALS    =      3253.3507
 EELEC  =     -7214.6661  EHBOND  =         0.0000  RESTRAINT  =         0.0000
 EPOLZ  =     -3086.4555
 Dipole convergence: rms =  0.926E-02 iters =   4.00
 ------------------------------------------------------------------------------

 NMR restraints: Bond =    0.000   Angle =     0.000   Torsion =     0.000
===============================================================================
 wrapping first mol.:   30.0000000000000        30.0000000000000     
  0.000000000000000E+000
 wrapping first mol.:   30.0000000000000        30.0000000000000     
  0.000000000000000E+000

 NSTEP =     9000   TIME(PS) =       9.000  TEMP(K) =   238.44  PRESS =     0.0
 Etot   =     -4721.4361  EKtot   =      1425.7491  EPtot      =     -6147.1852
 BOND   =       472.9264  ANGLE   =       241.2998  DIHED      =         1.3253
 1-4 NB =         8.2625  1-4 EEL =         0.0000  VDWAALS    =      3169.4233
 EELEC  =     -7043.9440  EHBOND  =         0.0000  RESTRAINT  =         0.0000
 EPOLZ  =     -2996.4785
 Dipole convergence: rms =  0.916E-02 iters =   4.00
 ------------------------------------------------------------------------------

 NMR restraints: Bond =    0.000   Angle =     0.000   Torsion =     0.000
===============================================================================
 wrapping first mol.:   30.0000000000000       0.000000000000000E+000
  0.000000000000000E+000
 wrapping first mol.:   30.0000000000000       0.000000000000000E+000
  0.000000000000000E+000

 NSTEP =    10000   TIME(PS) =      10.000  TEMP(K) =   266.55  PRESS =     0.0
 Etot   =     -4340.9076  EKtot   =      1593.8473  EPtot      =     -5934.7549
 BOND   =       502.7381  ANGLE   =       253.1958  DIHED      =         1.2021
 1-4 NB =         6.8622  1-4 EEL =         0.0000  VDWAALS    =      3006.7684
 EELEC  =     -6843.2440  EHBOND  =         0.0000  RESTRAINT  =         0.0000
 EPOLZ  =     -2862.2775
 Dipole convergence: rms =  0.892E-02 iters =   4.00
 ------------------------------------------------------------------------------

 NMR restraints: Bond =    0.000   Angle =     0.000   Torsion =     0.000
===============================================================================
 wrapping first mol.:   30.0000000000000        30.0000000000000     
  0.000000000000000E+000
 wrapping first mol.:   30.0000000000000        30.0000000000000     
  0.000000000000000E+000

 NSTEP =    11000   TIME(PS) =      11.000  TEMP(K) =   287.94  PRESS =     0.0
 Etot   =     -4071.7544  EKtot   =      1721.7283  EPtot      =     -5793.4827
 BOND   =       534.8976  ANGLE   =       263.1088  DIHED      =         0.2976
 1-4 NB =         7.1465  1-4 EEL =         0.0000  VDWAALS    =      2970.9275
 EELEC  =     -6746.3655  EHBOND  =         0.0000  RESTRAINT  =         0.0000
 EPOLZ  =     -2823.4951
 Dipole convergence: rms =  0.889E-02 iters =   4.00
 ------------------------------------------------------------------------------

 NMR restraints: Bond =    0.000   Angle =     0.000   Torsion =     0.000
===============================================================================
 wrapping first mol.:   30.0000000000000        30.0000000000000     
  0.000000000000000E+000
 wrapping first mol.:   30.0000000000000        30.0000000000000     
  0.000000000000000E+000

 NSTEP =    12000   TIME(PS) =      12.000  TEMP(K) =   280.85  PRESS =     0.0
 Etot   =     -4008.5083  EKtot   =      1679.3197  EPtot      =     -5687.8280
 BOND   =       540.2915  ANGLE   =       255.5691  DIHED      =         0.8633
 1-4 NB =         4.9444  1-4 EEL =         0.0000  VDWAALS    =      2775.2759
 EELEC  =     -6554.9319  EHBOND  =         0.0000  RESTRAINT  =         0.0000
 EPOLZ  =     -2709.8402
 Dipole convergence: rms =  0.849E-02 iters =   4.00
 ------------------------------------------------------------------------------

 NMR restraints: Bond =    0.000   Angle =     0.000   Torsion =     0.000
===============================================================================
 wrapping first mol.:   30.0000000000000        30.0000000000000     
  0.000000000000000E+000
 wrapping first mol.:   30.0000000000000        30.0000000000000     
  0.000000000000000E+000

 NSTEP =    13000   TIME(PS) =      13.000  TEMP(K) =   291.70  PRESS =     0.0
 Etot   =     -3945.7282  EKtot   =      1744.2335  EPtot      =     -5689.9617
 BOND   =       543.9276  ANGLE   =       251.4217  DIHED      =        -0.8476
 1-4 NB =         6.7323  1-4 EEL =         0.0000  VDWAALS    =      2839.9407
 EELEC  =     -6607.2983  EHBOND  =         0.0000  RESTRAINT  =         0.0000
 EPOLZ  =     -2723.8381
 Dipole convergence: rms =  0.852E-02 iters =   4.00
 ------------------------------------------------------------------------------

 NMR restraints: Bond =    0.000   Angle =     0.000   Torsion =     0.000
===============================================================================
 wrapping first mol.:   30.0000000000000        30.0000000000000     
  0.000000000000000E+000
 wrapping first mol.:   30.0000000000000        30.0000000000000     
  0.000000000000000E+000

 NSTEP =    14000   TIME(PS) =      14.000  TEMP(K) =   289.90  PRESS =     0.0
 Etot   =     -3879.2781  EKtot   =      1733.4328  EPtot      =     -5612.7109
 BOND   =       589.4655  ANGLE   =       271.0675  DIHED      =         0.4797
 1-4 NB =         8.0061  1-4 EEL =         0.0000  VDWAALS    =      2834.0119
 EELEC  =     -6590.0838  EHBOND  =         0.0000  RESTRAINT  =         0.0000
 EPOLZ  =     -2725.6578
 Dipole convergence: rms =  0.868E-02 iters =   4.00
 ------------------------------------------------------------------------------

 NMR restraints: Bond =    0.000   Angle =     0.000   Torsion =     0.000
===============================================================================
 wrapping first mol.:   30.0000000000000       0.000000000000000E+000
  0.000000000000000E+000
 wrapping first mol.:   30.0000000000000       0.000000000000000E+000
  0.000000000000000E+000

 NSTEP =    15000   TIME(PS) =      15.000  TEMP(K) =   288.86  PRESS =     0.0
 Etot   =     -3800.2867  EKtot   =      1727.2214  EPtot      =     -5527.5081
 BOND   =       555.4564  ANGLE   =       282.3395  DIHED      =         1.2630
 1-4 NB =         6.5527  1-4 EEL =         0.0000  VDWAALS    =      2746.4044
 EELEC  =     -6430.8268  EHBOND  =         0.0000  RESTRAINT  =         0.0000
 EPOLZ  =     -2688.6973
 Dipole convergence: rms =  0.867E-02 iters =   4.00
 ------------------------------------------------------------------------------

 NMR restraints: Bond =    0.000   Angle =     0.000   Torsion =     0.000
===============================================================================
 wrapping first mol.:   30.0000000000000        30.0000000000000     
  0.000000000000000E+000
 wrapping first mol.:   30.0000000000000        30.0000000000000     
  0.000000000000000E+000

 NSTEP =    16000   TIME(PS) =      16.000  TEMP(K) =   292.37  PRESS =     0.0
 Etot   =     -3778.4814  EKtot   =      1748.2052  EPtot      =     -5526.6866
 BOND   =       580.6135  ANGLE   =       282.6047  DIHED      =         0.8303
 1-4 NB =         6.0311  1-4 EEL =         0.0000  VDWAALS    =      2690.6019
 EELEC  =     -6434.5317  EHBOND  =         0.0000  RESTRAINT  =         0.0000
 EPOLZ  =     -2652.8365
 Dipole convergence: rms =  0.846E-02 iters =   4.00
 ------------------------------------------------------------------------------

 NMR restraints: Bond =    0.000   Angle =     0.000   Torsion =     0.000
===============================================================================
 wrapping first mol.:   30.0000000000000        30.0000000000000     
  0.000000000000000E+000
 wrapping first mol.:   30.0000000000000        30.0000000000000     
  0.000000000000000E+000

 NSTEP =    17000   TIME(PS) =      17.000  TEMP(K) =   301.35  PRESS =     0.0
 Etot   =     -3729.8165  EKtot   =      1801.8899  EPtot      =     -5531.7063
 BOND   =       576.3946  ANGLE   =       273.6683  DIHED      =         0.6077
 1-4 NB =         7.6100  1-4 EEL =         0.0000  VDWAALS    =      2602.4624
 EELEC  =     -6379.0076  EHBOND  =         0.0000  RESTRAINT  =         0.0000
 EPOLZ  =     -2613.4417
 Dipole convergence: rms =  0.831E-02 iters =   4.00
 ------------------------------------------------------------------------------

 NMR restraints: Bond =    0.000   Angle =     0.000   Torsion =     0.000
===============================================================================
 wrapping first mol.:   30.0000000000000        30.0000000000000     
  0.000000000000000E+000
 wrapping first mol.:   30.0000000000000        30.0000000000000     
  0.000000000000000E+000

 NSTEP =    18000   TIME(PS) =      18.000  TEMP(K) =   292.99  PRESS =     0.0
 Etot   =     -3818.1233  EKtot   =      1751.9022  EPtot      =     -5570.0256
 BOND   =       517.6126  ANGLE   =       267.7536  DIHED      =         0.2528
 1-4 NB =         5.9531  1-4 EEL =         0.0000  VDWAALS    =      2693.2854
 EELEC  =     -6418.9674  EHBOND  =         0.0000  RESTRAINT  =         0.0000
 EPOLZ  =     -2635.9156
 Dipole convergence: rms =  0.857E-02 iters =   4.00
 ------------------------------------------------------------------------------

 NMR restraints: Bond =    0.000   Angle =     0.000   Torsion =     0.000
===============================================================================
 wrapping first mol.:   30.0000000000000        30.0000000000000     
  0.000000000000000E+000
 wrapping first mol.:   30.0000000000000        30.0000000000000     
  0.000000000000000E+000

 NSTEP =    19000   TIME(PS) =      19.000  TEMP(K) =   297.02  PRESS =     0.0
 Etot   =     -3800.5893  EKtot   =      1776.0096  EPtot      =     -5576.5989
 BOND   =       550.1015  ANGLE   =       258.3148  DIHED      =         0.3549
 1-4 NB =         6.4739  1-4 EEL =         0.0000  VDWAALS    =      2695.2826
 EELEC  =     -6435.0424  EHBOND  =         0.0000  RESTRAINT  =         0.0000
 EPOLZ  =     -2652.0842
 Dipole convergence: rms =  0.854E-02 iters =   4.00
 ------------------------------------------------------------------------------

 NMR restraints: Bond =    0.000   Angle =     0.000   Torsion =     0.000
===============================================================================
 wrapping first mol.:   30.0000000000000        30.0000000000000     
  0.000000000000000E+000
 wrapping first mol.:   30.0000000000000        30.0000000000000     
  0.000000000000000E+000

 NSTEP =    20000   TIME(PS) =      20.000  TEMP(K) =   294.80  PRESS =     0.0
 Etot   =     -3802.6766  EKtot   =      1762.7419  EPtot      =     -5565.4185
 BOND   =       545.9022  ANGLE   =       289.4040  DIHED      =        -0.0706
 1-4 NB =         5.8136  1-4 EEL =         0.0000  VDWAALS    =      2796.4397
 EELEC  =     -6508.7583  EHBOND  =         0.0000  RESTRAINT  =         0.0000
 EPOLZ  =     -2694.1492
 Dipole convergence: rms =  0.879E-02 iters =   4.00
 ------------------------------------------------------------------------------

 NMR restraints: Bond =    0.000   Angle =     0.000   Torsion =     0.000
===============================================================================
 wrapping first mol.:   30.0000000000000        30.0000000000000     
  0.000000000000000E+000
 wrapping first mol.:   30.0000000000000        30.0000000000000     
  0.000000000000000E+000

 NSTEP =    21000   TIME(PS) =      21.000  TEMP(K) =   308.70  PRESS =     0.0
 Etot   =     -3770.9993  EKtot   =      1845.8531  EPtot      =     -5616.8524
 BOND   =       574.9087  ANGLE   =       297.5360  DIHED      =        -1.8296
 1-4 NB =         6.4747  1-4 EEL =         0.0000  VDWAALS    =      2877.5731
 EELEC  =     -6602.7567  EHBOND  =         0.0000  RESTRAINT  =         0.0000
 EPOLZ  =     -2768.7586
 Dipole convergence: rms =  0.883E-02 iters =   4.00
 ------------------------------------------------------------------------------

 NMR restraints: Bond =    0.000   Angle =     0.000   Torsion =     0.000
===============================================================================
 wrapping first mol.:   30.0000000000000        30.0000000000000     
  0.000000000000000E+000
 wrapping first mol.:   30.0000000000000        30.0000000000000     
  0.000000000000000E+000

 NSTEP =    22000   TIME(PS) =      22.000  TEMP(K) =   297.11  PRESS =     0.0
 Etot   =     -3795.3562  EKtot   =      1776.5341  EPtot      =     -5571.8902
 BOND   =       570.3835  ANGLE   =       267.1119  DIHED      =        -0.8647
 1-4 NB =         6.2319  1-4 EEL =         0.0000  VDWAALS    =      2771.1384
 EELEC  =     -6495.9517  EHBOND  =         0.0000  RESTRAINT  =         0.0000
 EPOLZ  =     -2689.9395
 Dipole convergence: rms =  0.862E-02 iters =   4.00
 ------------------------------------------------------------------------------

 NMR restraints: Bond =    0.000   Angle =     0.000   Torsion =     0.000
===============================================================================
 wrapping first mol.:   30.0000000000000        30.0000000000000     
  0.000000000000000E+000
 wrapping first mol.:   30.0000000000000        30.0000000000000     
  0.000000000000000E+000

 NSTEP =    23000   TIME(PS) =      23.000  TEMP(K) =   299.32  PRESS =     0.0
 Etot   =     -3777.8534  EKtot   =      1789.7483  EPtot      =     -5567.6016
 BOND   =       572.6222  ANGLE   =       289.2462  DIHED      =        -0.5070
 1-4 NB =         6.9237  1-4 EEL =         0.0000  VDWAALS    =      2792.3502
 EELEC  =     -6517.7248  EHBOND  =         0.0000  RESTRAINT  =         0.0000
 EPOLZ  =     -2710.5122
 Dipole convergence: rms =  0.869E-02 iters =   4.00
 ------------------------------------------------------------------------------

 NMR restraints: Bond =    0.000   Angle =     0.000   Torsion =     0.000
===============================================================================
 wrapping first mol.:   30.0000000000000        30.0000000000000     
  0.000000000000000E+000
 wrapping first mol.:   30.0000000000000        30.0000000000000     
  0.000000000000000E+000

 NSTEP =    24000   TIME(PS) =      24.000  TEMP(K) =   296.44  PRESS =     0.0
 Etot   =     -3808.2912  EKtot   =      1772.5680  EPtot      =     -5580.8592
 BOND   =       557.7959  ANGLE   =       274.6316  DIHED      =         1.0654
 1-4 NB =         6.6625  1-4 EEL =         0.0000  VDWAALS    =      2751.7568
 EELEC  =     -6487.4346  EHBOND  =         0.0000  RESTRAINT  =         0.0000
 EPOLZ  =     -2685.3368
 Dipole convergence: rms =  0.855E-02 iters =   4.00
 ------------------------------------------------------------------------------

 NMR restraints: Bond =    0.000   Angle =     0.000   Torsion =     0.000
===============================================================================
 wrapping first mol.:   30.0000000000000        30.0000000000000     
  0.000000000000000E+000
 wrapping first mol.:   30.0000000000000        30.0000000000000     
  0.000000000000000E+000

 NSTEP =    25000   TIME(PS) =      25.000  TEMP(K) =   301.99  PRESS =     0.0
 Etot   =     -3787.4329  EKtot   =      1805.7184  EPtot      =     -5593.1513
 BOND   =       549.3884  ANGLE   =       256.3719  DIHED      =         0.5408
 1-4 NB =         7.0033  1-4 EEL =         0.0000  VDWAALS    =      2765.5980
 EELEC  =     -6488.4655  EHBOND  =         0.0000  RESTRAINT  =         0.0000
 EPOLZ  =     -2683.5882
 Dipole convergence: rms =  0.851E-02 iters =   4.00
 ------------------------------------------------------------------------------

 NMR restraints: Bond =    0.000   Angle =     0.000   Torsion =     0.000
===============================================================================

      A V E R A G E S   O V E R   25000 S T E P S


 NSTEP =    25000   TIME(PS) =      25.000  TEMP(K) =   227.19  PRESS =     0.0
 Etot   =     -4761.1087  EKtot   =      1358.4824  EPtot      =     -6119.5911
 BOND   =       442.2376  ANGLE   =       228.3605  DIHED      =        -0.3008
 1-4 NB =         6.6531  1-4 EEL =         0.0000  VDWAALS    =      3071.0520
 EELEC  =     -6937.8492  EHBOND  =         0.0000  RESTRAINT  =         0.0000
 EPOLZ  =     -2929.7444
 Dipole convergence: rms =  0.849E-02 iters =   4.12
 ------------------------------------------------------------------------------

 NMR restraints: Bond =    0.000   Angle =     0.000   Torsion =     0.000
===============================================================================

      R M S  F L U C T U A T I O N S


 NSTEP =    25000   TIME(PS) =      25.000  TEMP(K) =    96.69  PRESS =     0.0
 Etot   =      1257.5858  EKtot   =       578.1533  EPtot      =       682.9749
 BOND   =       154.4219  ANGLE   =        54.9156  DIHED      =         1.3648
 1-4 NB =         1.0281  1-4 EEL =         0.0000  VDWAALS    =       404.2461
 EELEC  =       565.4188  EHBOND  =         0.0000  RESTRAINT  =         0.0000
 EPOLZ  =       316.0761
 Dipole convergence: rms =  0.114E-02 iters =   0.33
 ------------------------------------------------------------------------------


 NMR restraints on final step:

--------------------------------------------------------------------------------
   5.  TIMINGS
--------------------------------------------------------------------------------

|  NonSetup CPU Time in Major Routines, Average for All Tasks:
|
|     Routine           Sec        %
|     ------------------------------
|     DataDistrib      54.31   17.60
|     Nonbond         247.24   80.12
|     Bond              0.10    0.03
|     Angle             0.08    0.03
|     Dihedral          0.02    0.01
|     Shake             0.00    0.00
|     RunMD             6.78    2.20
|     Other             0.04    0.01
|     ------------------------------
|     Total           308.57

|  Amoeba Nonbond Pairlist CPU Time, Average for All Tasks:
|
|     Routine              Sec        %
|     ---------------------------------
|     Set Up Cit           0.06    0.02
|     Build List           1.27    0.41
|     ---------------------------------
|     Total                1.34    0.43

|  Amoeba Direct Force CPU Time, Average for All Tasks:
|
|     Routine              Sec        %
|     ---------------------------------
|     NonBonded Calc     141.98   46.01
|     Exclude Masked       4.50    1.46
|     Other               26.70    8.65
|     ---------------------------------
|     Total              173.17   56.12

|  Amoeba Reciprocal Force CPU Time, Average for All Tasks:
|
|     Routine              Sec        %
|     ---------------------------------
|     1D bspline           8.18    2.65
|     Grid Charges        13.33    4.32
|     Scalar Sum           1.38    0.45
|     Gradient Sum        21.01    6.81
|     FFT                 25.15    8.15
|     ---------------------------------
|     Total               69.04   22.38

|  Amoeba Load Balancing CPU Time, Average for All Tasks:
|
|     Routine                 Sec        %
|     ------------------------------------
|     Atom Reassign           0.00    0.00
|     Image Reassign          0.00    0.00
|     FFT Slab Reassign       0.00    0.00
|     ------------------------------------
|     Total                   0.00    0.00

|  Final Performance Info:
|     -----------------------------------------------------
|     Average timings for last       0 steps:
|         Elapsed(s) =       0.00 Per Step(ms) =   Infinity
|             ns/day =       0.00   seconds/ns =   Infinity
|
|     Average timings for all steps:
|         Elapsed(s) =     308.95 Per Step(ms) =      12.36
|             ns/day =       6.99   seconds/ns =   12357.92
|     -----------------------------------------------------

|  Master Setup CPU time:            0.46 seconds
|  Master NonSetup CPU time:       308.01 seconds
|  Master Total CPU time:          308.47 seconds     0.09 hours

|  Master Setup wall time:           1    seconds
|  Master NonSetup wall time:      309    seconds
|  Master Total wall time:         310    seconds     0.09 hours
