
          -------------------------------------------------------
          Amber 14 SANDER                              2014
          -------------------------------------------------------

| PMEMD implementation of SANDER, Release 14

| Run on 06/12/2014 at 17:02:31

  [-O]verwriting output

File Assignments:
|   MDIN: l04_min.in                                                            
|  MDOUT: l04_min.out                                                           
| INPCRD: l04_in_wat.inpcrd                                                     
|   PARM: l04_in_wat.prmtop                                                     
| RESTRT: l04_min.rst                                                           
|   REFC: refc                                                                  
|  MDVEL: mdvel                                                                 
|   MDEN: mden                                                                  
|  MDCRD: mdcrd                                                                 
| MDINFO: mdinfo                                                                
|LOGFILE: logfile                                                               

 
 Here is the input file:
 
Minimisation 1000 steps                                                        
 &cntrl                                                                        
  irest=0, ntx=1, imin=1,                                                      
  maxcyc=1000, ncyc=500,                                                       
  ntpr=100, ntwr=100,                                                          
  cut=9.0, ntf=1, ntc=1,                                                       
  iamoeba=1,                                                                   
 /                                                                             
 &ewald                                                                        
  order=5, ew_coeff=0.45,                                                      
 /                                                                             
 &amoeba                                                                       
  ee_dsum_cut=7.0, dipole_scf_tol=0.01, amoeba_verbose=0,                      
  dipole_scf_iter_max=50, do_vdw_longrange=1,                                  
  sor_coefficient=0.7, do_vdw_taper=1,                                         
 /                                                                             
/                                                                              


 
 
| New format inpcrd file being parsed.
| Version =    1.000 Date = 06/12/14 Time = 16:26:35
 
| Conditional Compilation Defines Used:
| MPI
| FFTW_FFT
| BINTRAJ
| MKL
 
| Largest sphere to fit in unit cell has radius =    15.000

| New format PARM file being parsed.
| Version =    1.000 Date = 06/12/14 Time = 16:26:35
--------------------------------------------------------------------------------
   1.  RESOURCE   USE: 
--------------------------------------------------------------------------------

 getting new box info from bottom of inpcrd

 NATOM  =    2006 NTYPES =       1 NBONH =       0 MBONA  =       0
 NTHETH =       0 MTHETA =       0 NPHIH =       0 MPHIA  =       0
 NHPARM =       0 NPARM  =       0 NNB   =    2178 NRES   =     660
 NBONA  =       0 NTHETA =       0 NPHIA =       0 NUMBND =       0
 NUMANG =       0 NPTRA  =       0 NATYP =       1 NPHB   =       0
 IFBOX  =       1 NMXRS  =       0 IFCAP =       0 NEXTRA =       0
 NCOPY  =       0

| Coordinate Index Table dimensions:     5    5    5
| Direct force subcell size =     6.0000    6.0000    6.0000

     BOX TYPE: RECTILINEAR

--------------------------------------------------------------------------------
   2.  CONTROL  DATA  FOR  THE  RUN
--------------------------------------------------------------------------------

l04_in_wat                                                                      

General flags:
     imin    =       1, nmropt  =       0

Nature and format of input:
     ntx     =       1, irest   =       0, ntrx    =       1

Nature and format of output:
     ntxo    =       1, ntpr    =     100, ntrx    =       1, ntwr    =     100
     iwrap   =       0, ntwx    =       0, ntwv    =       0, ntwe    =       0
     ioutfm  =       0, ntwprt  =       0, idecomp =       0, rbornstat=      0

Potential function:
     ntf     =       1, ntb     =       1, igb     =       0, nsnb    =      25
     ipol    =       0, gbsa    =       0, iesp    =       0
     cut     =   9.00000
     scnb    =   2.00000, scee    =   1.20000

Frozen or restrained atoms:
     ibelly  =       0, ntr     =       0

Energy minimization:
     maxcyc  =    1000, ncyc    =     500, ntmin   =       1
     dx0     =   0.01000, drms    =   0.00010

Ewald parameters:
     verbose =       0, ew_type =       0, nbflag  =       1, use_pme =       1
     vdwmeth =       1, eedmeth =       1, netfrc  =       0
     Box X =   30.000   Box Y =   30.000   Box Z =   30.000
     Alpha =   90.000   Beta  =   90.000   Gamma =   90.000
     NFFT1 =   30       NFFT2 =   30       NFFT3 =   30
     Cutoff=    9.000   Tol   =0.113E-08
     Ewald Coefficient =  0.45000
     Interpolation order =    5

--------------------------------------------------------------------------------
   3.  ATOMIC COORDINATES AND VELOCITIES
--------------------------------------------------------------------------------

l04_in_wat                                                                      
 begin time read from input coords =     0.000 ps

| Dynamic Memory, Types Used:
| Reals              286517
| Integers            81291

| Nonbonded Pairs Initial Allocation:   37797

| Running AMBER/MPI version on   16 nodes

 
--------------------------------------------------------------------------------
   4.  RESULTS
--------------------------------------------------------------------------------

 ---------------------------------------------------
 APPROXIMATING switch and d/dx switch using CUBIC SPLINE INTERPOLATION
 using   5000.0 points per unit in tabled values
 TESTING RELATIVE ERROR over r ranging from 0.0 to cutoff
| CHECK switch(x): max rel err =   0.2738E-14   at   2.422500
| CHECK d/dx switch(x): max rel err =   0.8987E-11   at   2.875760
 ---------------------------------------------------
| num_pairs_in_ee_cut, size_dipole_dipole_list =       3984      7968


   NSTEP       ENERGY          RMS            GMAX         NAME    NUMBER
      1      -4.3082E+03     1.9141E+01     1.0570E+02     O         696

 BOND    =      520.8135  ANGLE   =      261.9489  DIHED      =       -3.5117
 VDWAALS =     2485.5196  EEL     =    -5432.0909  HBOND      =        0.0000
 1-4 VDW =        8.1287  1-4 EEL =        0.0000  RESTRAINT  =        0.0000
 EPOLAR  =    -2148.9656
 Dipole convergence: rms =  0.772E-02 iters =   4.00


   NSTEP       ENERGY          RMS            GMAX         NAME    NUMBER
    100      -6.1268E+03     2.2878E+00     8.8909E+01     C           6

 BOND    =       63.2814  ANGLE   =       80.0288  DIHED      =       -3.2199
 VDWAALS =     2359.1954  EEL     =    -6177.2142  HBOND      =        0.0000
 1-4 VDW =        6.7999  1-4 EEL =        0.0000  RESTRAINT  =        0.0000
 EPOLAR  =    -2455.6477
 Dipole convergence: rms =  0.834E-02 iters =   4.00


   NSTEP       ENERGY          RMS            GMAX         NAME    NUMBER
    200      -6.3672E+03     1.8600E+00     7.1638E+01     C           6

 BOND    =       67.9195  ANGLE   =       82.5514  DIHED      =       -3.0899
 VDWAALS =     2508.5784  EEL     =    -6437.9656  HBOND      =        0.0000
 1-4 VDW =        6.2575  1-4 EEL =        0.0000  RESTRAINT  =        0.0000
 EPOLAR  =    -2591.4986
 Dipole convergence: rms =  0.863E-02 iters =   4.00


   NSTEP       ENERGY          RMS            GMAX         NAME    NUMBER
    300      -6.5016E+03     1.7599E+00     6.9142E+01     C           6

 BOND    =       69.8959  ANGLE   =       83.8936  DIHED      =       -2.9874
 VDWAALS =     2630.6839  EEL     =    -6605.3524  HBOND      =        0.0000
 1-4 VDW =        6.0006  1-4 EEL =        0.0000  RESTRAINT  =        0.0000
 EPOLAR  =    -2683.7335
 Dipole convergence: rms =  0.882E-02 iters =   4.00


   NSTEP       ENERGY          RMS            GMAX         NAME    NUMBER
    400      -6.5962E+03     1.3960E+00     5.3029E+01     C           6

 BOND    =       71.4262  ANGLE   =       85.4465  DIHED      =       -2.7830
 VDWAALS =     2728.9498  EEL     =    -6730.0629  HBOND      =        0.0000
 1-4 VDW =        5.8620  1-4 EEL =        0.0000  RESTRAINT  =        0.0000
 EPOLAR  =    -2755.0017
 Dipole convergence: rms =  0.897E-02 iters =   4.00


   NSTEP       ENERGY          RMS            GMAX         NAME    NUMBER
    500      -6.6740E+03     1.3019E+00     4.8179E+01     C           6

 BOND    =       72.5874  ANGLE   =       86.4789  DIHED      =       -2.6280
 VDWAALS =     2816.6474  EEL     =    -6836.6253  HBOND      =        0.0000
 1-4 VDW =        5.7840  1-4 EEL =        0.0000  RESTRAINT  =        0.0000
 EPOLAR  =    -2816.2280
 Dipole convergence: rms =  0.910E-02 iters =   4.00


   NSTEP       ENERGY          RMS            GMAX         NAME    NUMBER
    600      -6.9963E+03     1.1727E+00     3.3624E+01     C           8

 BOND    =       82.3499  ANGLE   =       92.6436  DIHED      =       -2.3849
 VDWAALS =     3249.6597  EEL     =    -7317.5297  HBOND      =        0.0000
 1-4 VDW =        5.8200  1-4 EEL =        0.0000  RESTRAINT  =        0.0000
 EPOLAR  =    -3106.8635
 Dipole convergence: rms =  0.974E-02 iters =   4.00


   NSTEP       ENERGY          RMS            GMAX         NAME    NUMBER
    700      -7.0846E+03     9.3247E-01     2.4288E+01     C           2

 BOND    =       84.2970  ANGLE   =       96.6574  DIHED      =       -2.2661
 VDWAALS =     3355.8142  EEL     =    -7439.7396  HBOND      =        0.0000
 1-4 VDW =        5.5507  1-4 EEL =        0.0000  RESTRAINT  =        0.0000
 EPOLAR  =    -3184.8931
 Dipole convergence: rms =  0.991E-02 iters =   4.00


   NSTEP       ENERGY          RMS            GMAX         NAME    NUMBER
    800      -7.1664E+03     1.3621E+00     3.9923E+01     C           2

 BOND    =       88.1552  ANGLE   =      101.1643  DIHED      =       -2.0911
 VDWAALS =     3419.5582  EEL     =    -7535.0276  HBOND      =        0.0000
 1-4 VDW =        5.6311  1-4 EEL =        0.0000  RESTRAINT  =        0.0000
 EPOLAR  =    -3243.8047
 Dipole convergence: rms =  0.998E-02 iters =   4.00


   NSTEP       ENERGY          RMS            GMAX         NAME    NUMBER
    900      -7.2474E+03     5.1790E-01     6.5550E+00     C           2

 BOND    =       85.5220  ANGLE   =       99.5270  DIHED      =       -2.1766
 VDWAALS =     3504.7952  EEL     =    -7617.5262  HBOND      =        0.0000
 1-4 VDW =        5.7120  1-4 EEL =        0.0000  RESTRAINT  =        0.0000
 EPOLAR  =    -3323.2410
 Dipole convergence: rms =  0.569E-02 iters =   5.00


   NSTEP       ENERGY          RMS            GMAX         NAME    NUMBER
   1000      -7.2893E+03     6.0973E-01     1.3643E+01     C           4

 BOND    =       85.8455  ANGLE   =      101.6359  DIHED      =       -1.9861
 VDWAALS =     3549.8712  EEL     =    -7673.1538  HBOND      =        0.0000
 1-4 VDW =        5.7706  1-4 EEL =        0.0000  RESTRAINT  =        0.0000
 EPOLAR  =    -3357.3262
 Dipole convergence: rms =  0.571E-02 iters =   5.00


  Maximum number of minimization cycles reached.


                    FINAL RESULTS



   NSTEP       ENERGY          RMS            GMAX         NAME    NUMBER
   1000      -7.2893E+03     6.0973E-01     1.3643E+01     C           4

 BOND    =       85.8455  ANGLE   =      101.6359  DIHED      =       -1.9861
 VDWAALS =     3549.8712  EEL     =    -7673.1538  HBOND      =        0.0000
 1-4 VDW =        5.7706  1-4 EEL =        0.0000  RESTRAINT  =        0.0000
 EPOLAR  =    -3357.3262
 Dipole convergence: rms =  0.571E-02 iters =   5.00
--------------------------------------------------------------------------------
   5.  TIMINGS
--------------------------------------------------------------------------------

|  NonSetup CPU Time in Major Routines, Average for All Tasks:
|
|     Routine           Sec        %
|     ------------------------------
|     DataDistrib       2.43   20.10
|     Nonbond           9.64   79.82
|     Bond              0.00    0.03
|     Angle             0.00    0.03
|     Dihedral          0.00    0.00
|     Shake             0.00    0.00
|     Other             0.00    0.02
|     ------------------------------
|     Total            12.08

|  Amoeba Nonbond Pairlist CPU Time, Average for All Tasks:
|
|     Routine              Sec        %
|     ---------------------------------
|     Set Up Cit           0.00    0.02
|     Build List           0.02    0.21
|     ---------------------------------
|     Total                0.03    0.22

|  Amoeba Direct Force CPU Time, Average for All Tasks:
|
|     Routine              Sec        %
|     ---------------------------------
|     NonBonded Calc       5.50   45.57
|     Exclude Masked       0.17    1.41
|     Other                1.08    8.92
|     ---------------------------------
|     Total                6.75   55.90

|  Amoeba Reciprocal Force CPU Time, Average for All Tasks:
|
|     Routine              Sec        %
|     ---------------------------------
|     1D bspline           0.33    2.77
|     Grid Charges         0.54    4.46
|     Scalar Sum           0.06    0.47
|     Gradient Sum         0.76    6.33
|     FFT                  1.05    8.69
|     ---------------------------------
|     Total                2.74   22.72

|  Amoeba Load Balancing CPU Time, Average for All Tasks:
|
|     Routine                 Sec        %
|     ------------------------------------
|     Atom Reassign           0.00    0.00
|     Image Reassign          0.00    0.00
|     FFT Slab Reassign       0.00    0.00
|     ------------------------------------
|     Total                   0.00    0.00

|  Master Setup CPU time:            0.46 seconds
|  Master NonSetup CPU time:        12.05 seconds
|  Master Total CPU time:           12.51 seconds     0.00 hours

|  Master Setup wall time:           1    seconds
|  Master NonSetup wall time:       12    seconds
|  Master Total wall time:          13    seconds     0.00 hours
